\BOOKMARK [1][-]{section.1}{\376\377\225\356\230\230\221\315\217\360\116\016\122\006\147\220}{}% 1
\BOOKMARK [2][-]{subsection.1.1}{\376\377\225\356\230\230\200\314\146\157}{section.1}% 2
\BOOKMARK [2][-]{subsection.1.2}{\376\377\225\356\230\230\122\006\147\220}{section.1}% 3
\BOOKMARK [2][-]{subsection.1.3}{\376\377\140\073\117\123\136\372\152\041\140\035\215\357}{section.1}% 4
\BOOKMARK [1][-]{section.2}{\376\377\152\041\127\213\120\107\213\276\116\016\173\046\123\367\213\364\146\016}{}% 5
\BOOKMARK [2][-]{subsection.2.1}{\376\377\127\372\147\054\120\107\213\276}{section.2}% 6
\BOOKMARK [2][-]{subsection.2.2}{\376\377\173\046\123\367\213\364\146\016}{section.2}% 7
\BOOKMARK [1][-]{section.3}{\376\377\145\160\143\156\230\204\131\004\164\006\116\016\162\171\137\201\135\345\172\013}{}% 8
\BOOKMARK [2][-]{subsection.3.1}{\376\377\145\160\143\156\151\202\121\265}{section.3}% 9
\BOOKMARK [2][-]{subsection.3.2}{\376\377\145\160\143\156\156\005\155\027}{section.3}% 10
\BOOKMARK [2][-]{subsection.3.3}{\376\377\162\171\137\201\143\320\123\326}{section.3}% 11
\BOOKMARK [2][-]{subsection.3.4}{\376\377\162\171\137\201\230\204\131\004\164\006}{section.3}% 12
\BOOKMARK [1][-]{section.4}{\376\377\117\341\215\067\230\316\226\151\213\304\117\060\152\041\127\213}{}% 13
\BOOKMARK [2][-]{subsection.4.1}{\376\377\000A\000H\000P\134\102\153\041\122\006\147\220\154\325\170\156\133\232\116\073\211\302\147\103\221\315}{section.4}% 14
\BOOKMARK [3][-]{subsubsection.4.1.1}{\376\377\121\306\122\031\134\102\122\044\145\255\167\351\226\065}{subsection.4.1}% 15
\BOOKMARK [3][-]{subsubsection.4.1.2}{\376\377\176\374\124\010\147\103\221\315\124\010\142\020}{subsection.4.1}% 16
\BOOKMARK [2][-]{subsection.4.2}{\376\377\161\265\147\103\154\325\170\156\133\232\133\242\211\302\147\103\221\315}{section.4}% 17
\BOOKMARK [2][-]{subsection.4.3}{\376\377\176\304\124\010\215\113\147\103}{section.4}% 18
\BOOKMARK [2][-]{subsection.4.4}{\376\377\000T\000O\000P\000S\000I\000S\176\374\124\010\213\304\116\367}{section.4}% 19
\BOOKMARK [2][-]{subsection.4.5}{\376\377\152\041\127\213\232\214\213\301}{section.4}% 20
\BOOKMARK [3][-]{subsubsection.4.5.1}{\376\377\217\335\176\246\150\007\173\176\232\214\213\301}{subsection.4.5}% 21
\BOOKMARK [3][-]{subsubsection.4.5.2}{\376\377\230\316\226\151\173\111\176\247\217\335\176\246\163\207\123\125\214\003\140\047}{subsection.4.5}% 22
\BOOKMARK [3][-]{subsubsection.4.5.3}{\376\377\152\041\127\213\213\304\176\247\116\016\224\366\210\114\213\304\176\247\133\371\153\324}{subsection.4.5}% 23
\BOOKMARK [1][-]{section.5}{\376\377\117\341\215\067\173\126\165\145\122\066\133\232\152\041\127\213}{}% 24
\BOOKMARK [2][-]{subsection.5.1}{\376\377\122\051\163\207\000-\155\101\131\061\163\207\121\163\174\373\136\372\152\041}{section.5}% 25
\BOOKMARK [2][-]{subsection.5.2}{\376\377\117\341\215\067\230\235\136\246\116\016\122\051\163\207\122\006\221\115\173\126\165\145}{section.5}% 26
\BOOKMARK [2][-]{subsection.5.3}{\376\377\225\356\230\230\0001\116\016\225\356\230\230\0002\166\204\117\341\215\067\173\126\165\145}{section.5}% 27
\BOOKMARK [1][-]{section.6}{\376\377\172\201\123\321\126\340\175\040\137\161\124\315\116\013\166\204\117\341\215\067\214\003\145\164\173\126\165\145}{}% 28
\BOOKMARK [2][-]{subsection.6.1}{\376\377\210\114\116\032\122\006\174\173\145\271\154\325}{section.6}% 29
\BOOKMARK [2][-]{subsection.6.2}{\376\377\121\262\121\373\174\373\145\160\213\276\133\232}{section.6}% 30
\BOOKMARK [2][-]{subsection.6.3}{\376\377\214\003\145\164\173\227\154\325}{section.6}% 31
\BOOKMARK [2][-]{subsection.6.4}{\376\377\214\003\145\164\176\323\147\234\122\006\147\220}{section.6}% 32
\BOOKMARK [1][-]{section.7}{\376\377\160\165\145\117\136\246\122\006\147\220}{}% 33
\BOOKMARK [2][-]{subsection.7.1}{\376\377\147\103\221\315\142\160\122\250\122\006\147\220}{section.7}% 34
\BOOKMARK [2][-]{subsection.7.2}{\376\377\143\007\150\007\171\373\226\144\122\006\147\220}{section.7}% 35
\BOOKMARK [1][-]{section.8}{\376\377\152\041\127\213\166\204\117\030\160\271\116\016\116\015\215\263}{}% 36
\BOOKMARK [2][-]{subsection.8.1}{\376\377\152\041\127\213\117\030\160\271}{section.8}% 37
\BOOKMARK [2][-]{subsection.8.2}{\376\377\152\041\127\213\116\015\215\263\116\016\145\071\217\333\145\271\124\021}{section.8}% 38
\BOOKMARK [1][-]{section.9}{\376\377\176\323\213\272}{}% 39
